<?xml version="1.0" encoding="UTF-8"?>
<testsuites>
  <testsuite name="fastlane.lanes">
    
    
    
      
      <testcase classname="fastlane.lanes" name="0: default_platform" time="0.0012022">
        
      </testcase>
    
      
      <testcase classname="fastlane.lanes" name="1: flutter build apk --release" time="159.2269032">
        
          <failure message="C:/Ruby32-x64/lib/ruby/gems/3.2.0/gems/fastlane-2.220.0/fastlane/lib/fastlane/actions/actions_helper.rb:67:in `execute_action&apos;&#10;C:/Ruby32-x64/lib/ruby/gems/3.2.0/gems/fastlane-2.220.0/fastlane/lib/fastlane/fast_file.rb:222:in `sh&apos;&#10;C:/Ruby32-x64/lib/ruby/gems/3.2.0/gems/fastlane-2.220.0/fastlane/lib/fastlane/fast_file.rb:216:in `sh&apos;&#10;Fastfile:65:in `block (2 levels) in parsing_binding&apos;&#10;C:/Ruby32-x64/lib/ruby/gems/3.2.0/gems/fastlane-2.220.0/fastlane/lib/fastlane/lane.rb:41:in `call&apos;&#10;C:/Ruby32-x64/lib/ruby/gems/3.2.0/gems/fastlane-2.220.0/fastlane/lib/fastlane/runner.rb:49:in `block in execute&apos;&#10;C:/Ruby32-x64/lib/ruby/gems/3.2.0/gems/fastlane-2.220.0/fastlane/lib/fastlane/runner.rb:45:in `chdir&apos;&#10;C:/Ruby32-x64/lib/ruby/gems/3.2.0/gems/fastlane-2.220.0/fastlane/lib/fastlane/runner.rb:45:in `execute&apos;&#10;C:/Ruby32-x64/lib/ruby/gems/3.2.0/gems/fastlane-2.220.0/fastlane/lib/fastlane/lane_manager.rb:46:in `cruise_lane&apos;&#10;C:/Ruby32-x64/lib/ruby/gems/3.2.0/gems/fastlane-2.220.0/fastlane/lib/fastlane/command_line_handler.rb:34:in `handle&apos;&#10;C:/Ruby32-x64/lib/ruby/gems/3.2.0/gems/fastlane-2.220.0/fastlane/lib/fastlane/commands_generator.rb:110:in `block (2 levels) in run&apos;&#10;C:/Ruby32-x64/lib/ruby/gems/3.2.0/gems/commander-4.6.0/lib/commander/command.rb:187:in `call&apos;&#10;C:/Ruby32-x64/lib/ruby/gems/3.2.0/gems/commander-4.6.0/lib/commander/command.rb:157:in `run&apos;&#10;C:/Ruby32-x64/lib/ruby/gems/3.2.0/gems/commander-4.6.0/lib/commander/runner.rb:444:in `run_active_command&apos;&#10;C:/Ruby32-x64/lib/ruby/gems/3.2.0/gems/fastlane-2.220.0/fastlane_core/lib/fastlane_core/ui/fastlane_runner.rb:124:in `run!&apos;&#10;C:/Ruby32-x64/lib/ruby/gems/3.2.0/gems/commander-4.6.0/lib/commander/delegates.rb:18:in `run!&apos;&#10;C:/Ruby32-x64/lib/ruby/gems/3.2.0/gems/fastlane-2.220.0/fastlane/lib/fastlane/commands_generator.rb:363:in `run&apos;&#10;C:/Ruby32-x64/lib/ruby/gems/3.2.0/gems/fastlane-2.220.0/fastlane/lib/fastlane/commands_generator.rb:43:in `start&apos;&#10;C:/Ruby32-x64/lib/ruby/gems/3.2.0/gems/fastlane-2.220.0/fastlane/lib/fastlane/cli_tools_distributor.rb:123:in `take_off&apos;&#10;C:/Ruby32-x64/lib/ruby/gems/3.2.0/gems/fastlane-2.220.0/bin/fastlane:23:in `&lt;top (required)&gt;&apos;&#10;C:/Ruby32-x64/bin/fastlane:25:in `load&apos;&#10;C:/Ruby32-x64/bin/fastlane:25:in `&lt;main&gt;&apos;&#10;&#10;Exit status of command &apos;flutter build apk --release&apos; was 1 instead of 0.&#10;Changing current working directory to: D:\ProjectFlutter\survly\survly&#10;&#10;Running Gradle task &apos;assembleRelease&apos;...                        &#10;Building with Flutter multidex support enabled.&#10;Reading env from: .env&#10;Font asset &quot;MaterialIcons-Regular.otf&quot; was tree-shaken, reducing it from 1645184 to 6720 bytes (99.6% reduction). Tree-shaking can be disabled by providing the --no-tree-shake-icons flag when building your app.&#10;Font asset &quot;CupertinoIcons.ttf&quot; was tree-shaken, reducing it from 283452 to 912 bytes (99.7% reduction). Tree-shaking can be disabled by providing the --no-tree-shake-icons flag when building your app.&#10;e: D:/ProjectFlutter/survly/survly/build/image_editor_common/.transforms/fb438b283079d6b7bf61fe90855a3b96/transformed/out/jars/classes.jar!/META-INF/image_editor_common_release.kotlin_module: Module was compiled with an incompatible version of Kotlin. The binary version of its metadata is 1.9.0, expected version is 1.6.0.&#10;e: D:/ProjectFlutter/survly/survly/build/flutter_config/.transforms/1a1f704f26a0d7ad99dc6fc538268a08/transformed/out/jars/classes.jar!/META-INF/flutter_config_release.kotlin_module: Module was compiled with an incompatible version of Kotlin. The binary version of its metadata is 1.9.0, expected version is 1.6.0.&#10;e: D:/ProjectFlutter/survly/survly/build/fluttertoast/.transforms/e4cbf9d0d4f55966db238c10866c49ff/transformed/out/jars/classes.jar!/META-INF/fluttertoast_release.kotlin_module: Module was compiled with an incompatible version of Kotlin. The binary version of its metadata is 1.9.0, expected version is 1.6.0.&#10;e: D:/ProjectFlutter/survly/survly/build/location/.transforms/af80609b63d10ec74ff83529b206a9a7/transformed/out/jars/classes.jar!/META-INF/location_release.kotlin_module: Module was compiled with an incompatible version of Kotlin. The binary version of its metadata is 1.9.0, expected version is 1.6.0.&#10;e: C:/Users/thanh/.gradle/caches/transforms-3/f17e939490912c62824ea6f851f3cdbd/transformed/jetified-activity-1.7.2/jars/classes.jar!/META-INF/activity_release.kotlin_module: Module was compiled with an incompatible version of Kotlin. The binary version of its metadata is 1.8.0, expected version is 1.6.0.&#10;e: C:/Users/thanh/.gradle/caches/transforms-3/9939cbb48719a014fbb6edec3f85a939/transformed/lifecycle-viewmodel-2.6.1/jars/classes.jar!/META-INF/lifecycle-viewmodel_release.kotlin_module: Module was compiled with an incompatible version of Kotlin. The binary version of its metadata is 1.8.0, expected version is 1.6.0.&#10;e: C:/Users/thanh/.gradle/caches/transforms-3/9dc753d141e60b7a269c0464f27379c6/transformed/lifecycle-livedata-core-2.6.1/jars/classes.jar!/META-INF/lifecycle-livedata-core_release.kotlin_module: Module was compiled with an incompatible version of Kotlin. The binary version of its metadata is 1.8.0, expected version is 1.6.0.&#10;e: C:/Users/thanh/.gradle/caches/transforms-3/e5252ea5639683545cd1563a11385cbd/transformed/jetified-lifecycle-viewmodel-savedstate-2.6.1/jars/classes.jar!/META-INF/lifecycle-viewmodel-savedstate_release.kotlin_module: Module was compiled with an incompatible version of Kotlin. The binary version of its metadata is 1.8.0, expected version is 1.6.0.&#10;e: C:/Users/thanh/.gradle/caches/transforms-3/f5308d9f369073952ed0f642ff5994e0/transformed/jetified-core-ktx-1.10.1/jars/classes.jar!/META-INF/core-ktx_release.kotlin_module: Module was compiled with an incompatible version of Kotlin. The binary version of its metadata is 1.8.0, expected version is 1.6.0.&#10;e: C:/Users/thanh/.gradle/caches/transforms-3/53e1c90acc2736ef9d388444ed595ca9/transformed/core-1.10.1/jars/classes.jar!/META-INF/core_release.kotlin_module: Module was compiled with an incompatible version of Kotlin. The binary version of its metadata is 1.8.0, expected version is 1.6.0.&#10;e: C:/Users/thanh/.gradle/caches/transforms-3/fe71265ddc7ee14eb67a7ff8260367e7/transformed/lifecycle-runtime-2.6.1/jars/classes.jar!/META-INF/lifecycle-runtime_release.kotlin_module: Module was compiled with an incompatible version of Kotlin. The binary version of its metadata is 1.8.0, expected version is 1.6.0.&#10;e: C:/Users/thanh/.gradle/caches/modules-2/files-2.1/androidx.lifecycle/lifecycle-common/2.6.1/10f354fdb64868baecd67128560c5a0d6312c495/lifecycle-common-2.6.1.jar!/META-INF/lifecycle-common.kotlin_module: Module was compiled with an incompatible version of Kotlin. The binary version of its metadata is 1.8.0, expected version is 1.6.0.&#10;e: C:/Users/thanh/.gradle/caches/transforms-3/2136a35909bac8ed5e7124e068673055/transformed/jetified-savedstate-1.2.1/jars/classes.jar!/META-INF/savedstate_release.kotlin_module: Module was compiled with an incompatible version of Kotlin. The binary version of its metadata is 1.8.0, expected version is 1.6.0.&#10;e: C:/Users/thanh/.gradle/caches/modules-2/files-2.1/org.jetbrains.kotlinx/kotlinx-coroutines-core-jvm/1.7.3/2b09627576f0989a436a00a4a54b55fa5026fb86/kotlinx-coroutines-core-jvm-1.7.3.jar!/META-INF/kotlinx-coroutines-core.kotlin_module: Module was compiled with an incompatible version of Kotlin. The binary version of its metadata is 1.8.0, expected version is 1.6.0.&#10;e: C:/Users/thanh/.gradle/caches/modules-2/files-2.1/org.jetbrains.kotlinx/kotlinx-coroutines-android/1.7.3/38d9cad3a0b03a10453b56577984bdeb48edeed5/kotlinx-coroutines-android-1.7.3.jar!/META-INF/kotlinx-coroutines-android.kotlin_module: Module was compiled with an incompatible version of Kotlin. The binary version of its metadata is 1.8.0, expected version is 1.6.0.&#10;e: C:/Users/thanh/.gradle/caches/modules-2/files-2.1/org.jetbrains.kotlin/kotlin-stdlib/1.9.23/dbaadea1f5e68f790d242a91a38355a83ec38747/kotlin-stdlib-1.9.23.jar!/META-INF/kotlin-stdlib.kotlin_module: Module was compiled with an incompatible version of Kotlin. The binary version of its metadata is 1.9.0, expected version is 1.6.0.&#10;e: C:/Users/thanh/.gradle/caches/modules-2/files-2.1/org.jetbrains.kotlin/kotlin-stdlib/1.9.23/dbaadea1f5e68f790d242a91a38355a83ec38747/kotlin-stdlib-1.9.23.jar!/META-INF/kotlin-stdlib-jdk8.kotlin_module: Module was compiled with an incompatible version of Kotlin. The binary version of its metadata is 1.9.0, expected version is 1.6.0.&#10;e: C:/Users/thanh/.gradle/caches/modules-2/files-2.1/org.jetbrains.kotlin/kotlin-stdlib/1.9.23/dbaadea1f5e68f790d242a91a38355a83ec38747/kotlin-stdlib-1.9.23.jar!/META-INF/kotlin-stdlib-jdk7.kotlin_module: Module was compiled with an incompatible version of Kotlin. The binary version of its metadata is 1.9.0, expected version is 1.6.0.&#10;&#10;FAILURE: Build failed with an exception.&#10;&#10;* What went wrong:&#10;Execution failed for task &apos;:app:packageRelease&apos;.&#10;&gt; A failure occurred while executing com.android.build.gradle.tasks.PackageAndroidArtifact$IncrementalSplitterRunnable&#10;   &gt; SigningConfig &quot;release&quot; is missing required property &quot;storePassword&quot;.&#10;&#10;* Try:&#10;&gt; Run with --stacktrace option to get the stack trace.&#10;&gt; Run with --info or --debug option to get more log output.&#10;&gt; Run with --scan to get full insights.&#10;&#10;* Get more help at https://help.gradle.org&#10;&#10;BUILD FAILED in 2m 35s&#10;Running Gradle task &apos;assembleRelease&apos;...                          156.3s&#10;&#10;┌─ Flutter Fix ──────────────────────────────────────────────────────────────────────────────┐&#10;│ [!] Your project requires a newer version of the Kotlin Gradle plugin.                     │&#10;│ Find the latest version on https://kotlinlang.org/docs/releases.html#release-details, then │&#10;│ update D:\ProjectFlutter\survly\survly\android\build.gradle:                               │&#10;│ ext.kotlin_version = &apos;&lt;latest-version&gt;&apos;                                                    │&#10;└────────────────────────────────────────────────────────────────────────────────────────────┘&#10;Gradle task assembleRelease failed with exit code 1&#10;" />
        
      </testcase>
    
  </testsuite>
</testsuites>
